<?xml version="1.0"?>
<!DOCTYPE coverage SYSTEM "http://cobertura.sourceforge.net/xml/coverage-04.dtd">

<coverage line-rate="0.6329787234042553" branch-rate="0.8333333333333334" lines-covered="119" lines-valid="188" branches-covered="20" branches-valid="24" complexity="1.1136363636363635" version="1.9.4.1" timestamp="1284323992758">
	<sources>
		<source>--source</source>
		<source>/home/imediava/Programas-StandAlone/eclipse-jee-helios-24-8-2010/workspace/asistentesm2/src/main/java</source>
	</sources>
	<packages>
		<package name="com.imediava.asistentesm2" line-rate="0.0" branch-rate="0.0" complexity="1.3333333333333333">
			<classes>
				<class name="com.imediava.asistentesm2.MyVaadinApplication" filename="com/imediava/asistentesm2/MyVaadinApplication.java" line-rate="0.0" branch-rate="0.0" complexity="1.3333333333333333">
					<methods>
						<method name="&lt;init&gt;" signature="()V" line-rate="0.0" branch-rate="1.0">
							<lines>
								<line number="34" hits="0" branch="false"/>
							</lines>
						</method>
						<method name="crearRellenarTabla" signature="(Ljava/util/Collection;Ljava/lang/String;)Lcom/vaadin/ui/Table;" line-rate="0.0" branch-rate="0.0">
							<lines>
								<line number="58" hits="0" branch="false"/>
								<line number="61" hits="0" branch="false"/>
								<line number="62" hits="0" branch="false"/>
								<line number="63" hits="0" branch="false"/>
								<line number="65" hits="0" branch="true" condition-coverage="0% (0/2)">
									<conditions>
										<condition number="0" type="jump" coverage="0%"/>
									</conditions>
								</line>
								<line number="66" hits="0" branch="false"/>
								<line number="68" hits="0" branch="false"/>
								<line number="69" hits="0" branch="false"/>
							</lines>
						</method>
						<method name="init" signature="()V" line-rate="0.0" branch-rate="1.0">
							<lines>
								<line number="41" hits="0" branch="false"/>
								<line number="42" hits="0" branch="false"/>
								<line number="43" hits="0" branch="false"/>
								<line number="44" hits="0" branch="false"/>
								<line number="46" hits="0" branch="false"/>
							</lines>
						</method>
						<method name="insertarTablas" signature="(Lcom/vaadin/ui/Window;)V" line-rate="0.0" branch-rate="1.0">
							<lines>
								<line number="49" hits="0" branch="false"/>
								<line number="50" hits="0" branch="false"/>
								<line number="51" hits="0" branch="false"/>
								<line number="52" hits="0" branch="false"/>
								<line number="54" hits="0" branch="false"/>
							</lines>
						</method>
					</methods>
					<lines>
						<line number="34" hits="0" branch="false"/>
						<line number="41" hits="0" branch="false"/>
						<line number="42" hits="0" branch="false"/>
						<line number="43" hits="0" branch="false"/>
						<line number="44" hits="0" branch="false"/>
						<line number="46" hits="0" branch="false"/>
						<line number="49" hits="0" branch="false"/>
						<line number="50" hits="0" branch="false"/>
						<line number="51" hits="0" branch="false"/>
						<line number="52" hits="0" branch="false"/>
						<line number="54" hits="0" branch="false"/>
						<line number="58" hits="0" branch="false"/>
						<line number="61" hits="0" branch="false"/>
						<line number="62" hits="0" branch="false"/>
						<line number="63" hits="0" branch="false"/>
						<line number="65" hits="0" branch="true" condition-coverage="0% (0/2)">
							<conditions>
								<condition number="0" type="jump" coverage="0%"/>
							</conditions>
						</line>
						<line number="66" hits="0" branch="false"/>
						<line number="68" hits="0" branch="false"/>
						<line number="69" hits="0" branch="false"/>
					</lines>
				</class>
			</classes>
		</package>
		<package name="com.imediava.asistentesm2.database.stub" line-rate="0.0" branch-rate="0.0" complexity="1.25">
			<classes>
				<class name="com.imediava.asistentesm2.database.stub.FachadaBaseDatos" filename="com/imediava/asistentesm2/database/stub/FachadaBaseDatos.java" line-rate="0.0" branch-rate="0.0" complexity="1.25">
					<methods>
						<method name="&lt;clinit&gt;" signature="()V" line-rate="0.0" branch-rate="1.0">
							<lines>
								<line number="10" hits="0" branch="false"/>
								<line number="11" hits="0" branch="false"/>
								<line number="12" hits="0" branch="false"/>
							</lines>
						</method>
						<method name="&lt;init&gt;" signature="()V" line-rate="0.0" branch-rate="1.0">
							<lines>
								<line number="8" hits="0" branch="false"/>
							</lines>
						</method>
						<method name="generarColeccion" signature="([Ljava/lang/String;)Ljava/util/Collection;" line-rate="0.0" branch-rate="0.0">
							<lines>
								<line number="27" hits="0" branch="false"/>
								<line number="28" hits="0" branch="true" condition-coverage="0% (0/2)">
									<conditions>
										<condition number="0" type="jump" coverage="0%"/>
									</conditions>
								</line>
								<line number="29" hits="0" branch="false"/>
								<line number="30" hits="0" branch="false"/>
								<line number="31" hits="0" branch="false"/>
								<line number="33" hits="0" branch="false"/>
							</lines>
						</method>
						<method name="getAleros" signature="()Ljava/util/Collection;" line-rate="0.0" branch-rate="1.0">
							<lines>
								<line number="19" hits="0" branch="false"/>
							</lines>
						</method>
						<method name="getBases" signature="()Ljava/util/Collection;" line-rate="0.0" branch-rate="1.0">
							<lines>
								<line number="15" hits="0" branch="false"/>
							</lines>
						</method>
						<method name="getPivots" signature="()Ljava/util/Collection;" line-rate="0.0" branch-rate="1.0">
							<lines>
								<line number="23" hits="0" branch="false"/>
							</lines>
						</method>
					</methods>
					<lines>
						<line number="8" hits="0" branch="false"/>
						<line number="10" hits="0" branch="false"/>
						<line number="11" hits="0" branch="false"/>
						<line number="12" hits="0" branch="false"/>
						<line number="15" hits="0" branch="false"/>
						<line number="19" hits="0" branch="false"/>
						<line number="23" hits="0" branch="false"/>
						<line number="27" hits="0" branch="false"/>
						<line number="28" hits="0" branch="true" condition-coverage="0% (0/2)">
							<conditions>
								<condition number="0" type="jump" coverage="0%"/>
							</conditions>
						</line>
						<line number="29" hits="0" branch="false"/>
						<line number="30" hits="0" branch="false"/>
						<line number="31" hits="0" branch="false"/>
						<line number="33" hits="0" branch="false"/>
					</lines>
				</class>
			</classes>
		</package>
		<package name="com.imediava.asistentesm2.domain" line-rate="0.7352941176470589" branch-rate="1.0" complexity="1.0857142857142856">
			<classes>
				<class name="com.imediava.asistentesm2.domain.EquipoSuperManager" filename="com/imediava/asistentesm2/domain/EquipoSuperManager.java" line-rate="0.9367088607594937" branch-rate="1.0" complexity="1.25">
					<methods>
						<method name="&lt;clinit&gt;" signature="()V" line-rate="1.0" branch-rate="1.0">
							<lines>
								<line number="23" hits="2" branch="false"/>
								<line number="96" hits="1" branch="false"/>
								<line number="97" hits="2" branch="false"/>
								<line number="98" hits="1" branch="false"/>
								<line number="99" hits="2" branch="false"/>
								<line number="100" hits="2" branch="false"/>
								<line number="101" hits="1" branch="false"/>
								<line number="102" hits="1" branch="false"/>
							</lines>
						</method>
						<method name="&lt;init&gt;" signature="()V" line-rate="1.0" branch-rate="1.0">
							<lines>
								<line number="28" hits="7" branch="false"/>
								<line number="30" hits="18" branch="false"/>
								<line number="33" hits="10" branch="false"/>
								<line number="35" hits="18" branch="false"/>
								<line number="38" hits="3" branch="false"/>
								<line number="56" hits="25" branch="false"/>
								<line number="57" hits="7" branch="false"/>
								<line number="58" hits="28" branch="false"/>
								<line number="59" hits="28" branch="false"/>
								<line number="60" hits="18" branch="false"/>
								<line number="61" hits="21" branch="false"/>
								<line number="62" hits="3" branch="false"/>
								<line number="63" hits="3" branch="false"/>
								<line number="64" hits="3" branch="false"/>
							</lines>
						</method>
						<method name="add" signature="(Lcom/imediava/asistentesm2/domain/Jugador;)Z" line-rate="1.0" branch-rate="1.0">
							<lines>
								<line number="113" hits="35" branch="false"/>
								<line number="118" hits="8" branch="false"/>
								<line number="128" hits="28" branch="false"/>
								<line number="129" hits="28" branch="true" condition-coverage="100% (2/2)">
									<conditions>
										<condition number="0" type="jump" coverage="100%"/>
									</conditions>
								</line>
								<line number="130" hits="25" branch="false"/>
								<line number="132" hits="44" branch="false"/>
								<line number="133" hits="16" branch="true" condition-coverage="100% (2/2)">
									<conditions>
										<condition number="0" type="jump" coverage="100%"/>
									</conditions>
								</line>
								<line number="134" hits="15" branch="false"/>
								<line number="136" hits="16" branch="false"/>
							</lines>
						</method>
						<method name="add" signature="(Ljava/lang/Object;)Z" line-rate="1.0" branch-rate="1.0">
							<lines>
								<line number="1" hits="70" branch="false"/>
								<line number="24" hits="6" branch="false"/>
							</lines>
						</method>
						<method name="contains" signature="(Lcom/imediava/asistentesm2/domain/Jugador;)Z" line-rate="0.0" branch-rate="1.0">
							<lines>
								<line number="127" hits="0" branch="false"/>
								<line number="144" hits="0" branch="false"/>
								<line number="148" hits="0" branch="false"/>
							</lines>
						</method>
						<method name="equals" signature="(Ljava/lang/Object;Ljava/lang/Object;)Z" line-rate="0.3333333333333333" branch-rate="1.0">
							<lines>
								<line number="139" hits="0" branch="false"/>
								<line number="153" hits="0" branch="false"/>
								<line number="157" hits="3" branch="false"/>
							</lines>
						</method>
						<method name="esFichajeValido" signature="(Lcom/imediava/asistentesm2/domain/Jugador;)Z" line-rate="1.0" branch-rate="1.0">
							<lines>
								<line number="86" hits="28" branch="true" condition-coverage="100% (2/2)">
									<conditions>
										<condition number="0" type="jump" coverage="100%"/>
									</conditions>
								</line>
								<line number="87" hits="3" branch="false"/>
								<line number="88" hits="56" branch="true" condition-coverage="100% (2/2)">
									<conditions>
										<condition number="0" type="jump" coverage="100%"/>
									</conditions>
								</line>
								<line number="89" hits="31" branch="false"/>
								<line number="91" hits="58" branch="true" condition-coverage="100% (2/2)">
									<conditions>
										<condition number="0" type="jump" coverage="100%"/>
									</conditions>
								</line>
								<line number="92" hits="1" branch="false"/>
								<line number="94" hits="7" branch="false"/>
							</lines>
						</method>
						<method name="excedeLimiteJugadores" signature="(Lcom/imediava/asistentesm2/domain/Jugador;)Z" line-rate="1.0" branch-rate="1.0">
							<lines>
								<line number="192" hits="8" branch="false"/>
								<line number="194" hits="8" branch="true" condition-coverage="100% (2/2)">
									<conditions>
										<condition number="0" type="jump" coverage="100%"/>
									</conditions>
								</line>
							</lines>
						</method>
						<method name="getDineroDisponible" signature="()Ljava/lang/Integer;" line-rate="1.0" branch-rate="1.0">
							<lines>
								<line number="42" hits="1" branch="false"/>
								<line number="44" hits="4" branch="false"/>
								<line number="47" hits="1" branch="false"/>
							</lines>
						</method>
						<method name="iterator" signature="()Ljava/util/Iterator;" line-rate="1.0" branch-rate="1.0">
							<lines>
								<line number="147" hits="25" branch="false"/>
								<line number="150" hits="3" branch="false"/>
								<line number="164" hits="11" branch="false"/>
								<line number="168" hits="11" branch="false"/>
							</lines>
						</method>
						<method name="leerDineroInicialDisponible" signature="()Ljava/lang/Integer;" line-rate="1.0" branch-rate="1.0">
							<lines>
								<line number="70" hits="7" branch="false"/>
								<line number="71" hits="14" branch="false"/>
								<line number="72" hits="25" branch="false"/>
								<line number="73" hits="50" branch="false"/>
								<line number="74" hits="25" branch="false"/>
								<line number="75" hits="39" branch="false"/>
								<line number="76" hits="21" branch="false"/>
								<line number="78" hits="3" branch="false"/>
							</lines>
						</method>
						<method name="obtenerJugadoresPosicion" signature="(Lcom/imediava/asistentesm2/domain/Jugador$PosicionJugador;)Ljava/util/Set;" line-rate="1.0" branch-rate="1.0">
							<lines>
								<line number="170" hits="40" branch="false"/>
								<line number="173" hits="8" branch="false"/>
								<line number="185" hits="28" branch="false"/>
								<line number="189" hits="16" branch="false"/>
							</lines>
						</method>
						<method name="setDineroDisponible" signature="(Ljava/lang/Integer;)V" line-rate="1.0" branch-rate="1.0">
							<lines>
								<line number="53" hits="7" branch="false"/>
								<line number="54" hits="7" branch="false"/>
								<line number="55" hits="18" branch="false"/>
							</lines>
						</method>
						<method name="size" signature="()I" line-rate="1.0" branch-rate="1.0">
							<lines>
								<line number="160" hits="1" branch="false"/>
								<line number="174" hits="3" branch="false"/>
								<line number="178" hits="2" branch="false"/>
							</lines>
						</method>
						<method name="superaLimiteJugadores" signature="(Lcom/imediava/asistentesm2/domain/Jugador;)Z" line-rate="1.0" branch-rate="1.0">
							<lines>
								<line number="110" hits="56" branch="false"/>
								<line number="111" hits="68" branch="false"/>
								<line number="112" hits="68" branch="true" condition-coverage="100% (2/2)">
									<conditions>
										<condition number="0" type="jump" coverage="100%"/>
									</conditions>
								</line>
								<line number="114" hits="40" branch="false"/>
								<line number="115" hits="64" branch="true" condition-coverage="100% (2/2)">
									<conditions>
										<condition number="0" type="jump" coverage="100%"/>
									</conditions>
								</line>
								<line number="116" hits="23" branch="true" condition-coverage="100% (2/2)">
									<conditions>
										<condition number="0" type="jump" coverage="100%"/>
									</conditions>
								</line>
							</lines>
						</method>
					</methods>
					<lines>
						<line number="1" hits="70" branch="false"/>
						<line number="23" hits="2" branch="false"/>
						<line number="24" hits="6" branch="false"/>
						<line number="28" hits="7" branch="false"/>
						<line number="30" hits="18" branch="false"/>
						<line number="33" hits="10" branch="false"/>
						<line number="35" hits="18" branch="false"/>
						<line number="38" hits="3" branch="false"/>
						<line number="42" hits="1" branch="false"/>
						<line number="44" hits="4" branch="false"/>
						<line number="47" hits="1" branch="false"/>
						<line number="53" hits="7" branch="false"/>
						<line number="54" hits="7" branch="false"/>
						<line number="55" hits="18" branch="false"/>
						<line number="56" hits="25" branch="false"/>
						<line number="57" hits="7" branch="false"/>
						<line number="58" hits="28" branch="false"/>
						<line number="59" hits="28" branch="false"/>
						<line number="60" hits="18" branch="false"/>
						<line number="61" hits="21" branch="false"/>
						<line number="62" hits="3" branch="false"/>
						<line number="63" hits="3" branch="false"/>
						<line number="64" hits="3" branch="false"/>
						<line number="70" hits="7" branch="false"/>
						<line number="71" hits="14" branch="false"/>
						<line number="72" hits="25" branch="false"/>
						<line number="73" hits="50" branch="false"/>
						<line number="74" hits="25" branch="false"/>
						<line number="75" hits="39" branch="false"/>
						<line number="76" hits="21" branch="false"/>
						<line number="78" hits="3" branch="false"/>
						<line number="86" hits="28" branch="true" condition-coverage="100% (2/2)">
							<conditions>
								<condition number="0" type="jump" coverage="100%"/>
							</conditions>
						</line>
						<line number="87" hits="3" branch="false"/>
						<line number="88" hits="56" branch="true" condition-coverage="100% (2/2)">
							<conditions>
								<condition number="0" type="jump" coverage="100%"/>
							</conditions>
						</line>
						<line number="89" hits="31" branch="false"/>
						<line number="91" hits="58" branch="true" condition-coverage="100% (2/2)">
							<conditions>
								<condition number="0" type="jump" coverage="100%"/>
							</conditions>
						</line>
						<line number="92" hits="1" branch="false"/>
						<line number="94" hits="7" branch="false"/>
						<line number="96" hits="1" branch="false"/>
						<line number="97" hits="2" branch="false"/>
						<line number="98" hits="1" branch="false"/>
						<line number="99" hits="2" branch="false"/>
						<line number="100" hits="2" branch="false"/>
						<line number="101" hits="1" branch="false"/>
						<line number="102" hits="1" branch="false"/>
						<line number="110" hits="56" branch="false"/>
						<line number="111" hits="68" branch="false"/>
						<line number="112" hits="68" branch="true" condition-coverage="100% (2/2)">
							<conditions>
								<condition number="0" type="jump" coverage="100%"/>
							</conditions>
						</line>
						<line number="113" hits="35" branch="false"/>
						<line number="114" hits="40" branch="false"/>
						<line number="115" hits="64" branch="true" condition-coverage="100% (2/2)">
							<conditions>
								<condition number="0" type="jump" coverage="100%"/>
							</conditions>
						</line>
						<line number="116" hits="23" branch="true" condition-coverage="100% (2/2)">
							<conditions>
								<condition number="0" type="jump" coverage="100%"/>
							</conditions>
						</line>
						<line number="118" hits="8" branch="false"/>
						<line number="127" hits="0" branch="false"/>
						<line number="128" hits="28" branch="false"/>
						<line number="129" hits="28" branch="true" condition-coverage="100% (2/2)">
							<conditions>
								<condition number="0" type="jump" coverage="100%"/>
							</conditions>
						</line>
						<line number="130" hits="25" branch="false"/>
						<line number="132" hits="44" branch="false"/>
						<line number="133" hits="16" branch="true" condition-coverage="100% (2/2)">
							<conditions>
								<condition number="0" type="jump" coverage="100%"/>
							</conditions>
						</line>
						<line number="134" hits="15" branch="false"/>
						<line number="136" hits="16" branch="false"/>
						<line number="139" hits="0" branch="false"/>
						<line number="144" hits="0" branch="false"/>
						<line number="147" hits="25" branch="false"/>
						<line number="148" hits="0" branch="false"/>
						<line number="150" hits="3" branch="false"/>
						<line number="153" hits="0" branch="false"/>
						<line number="157" hits="3" branch="false"/>
						<line number="160" hits="1" branch="false"/>
						<line number="164" hits="11" branch="false"/>
						<line number="168" hits="11" branch="false"/>
						<line number="170" hits="40" branch="false"/>
						<line number="173" hits="8" branch="false"/>
						<line number="174" hits="3" branch="false"/>
						<line number="178" hits="2" branch="false"/>
						<line number="185" hits="28" branch="false"/>
						<line number="189" hits="16" branch="false"/>
						<line number="192" hits="8" branch="false"/>
						<line number="194" hits="8" branch="true" condition-coverage="100% (2/2)">
							<conditions>
								<condition number="0" type="jump" coverage="100%"/>
							</conditions>
						</line>
					</lines>
				</class>
				<class name="com.imediava.asistentesm2.domain.EquipoSuperManager$PredicadoPosicionJugador" filename="com/imediava/asistentesm2/domain/EquipoSuperManager.java" line-rate="1.0" branch-rate="1.0" complexity="1.25">
					<methods>
						<method name="&lt;init&gt;" signature="(Lcom/imediava/asistentesm2/domain/EquipoSuperManager;Lcom/imediava/asistentesm2/domain/Jugador$PosicionJugador;)V" line-rate="1.0" branch-rate="1.0">
							<lines>
								<line number="201" hits="8" branch="false"/>
								<line number="202" hits="8" branch="false"/>
								<line number="203" hits="8" branch="false"/>
							</lines>
						</method>
						<method name="apply" signature="(Lcom/imediava/asistentesm2/domain/Jugador;)Z" line-rate="1.0" branch-rate="1.0">
							<lines>
								<line number="206" hits="12" branch="false"/>
							</lines>
						</method>
						<method name="apply" signature="(Ljava/lang/Object;)Z" line-rate="1.0" branch-rate="1.0">
							<lines>
								<line number="197" hits="12" branch="false"/>
							</lines>
						</method>
					</methods>
					<lines>
						<line number="197" hits="12" branch="false"/>
						<line number="201" hits="8" branch="false"/>
						<line number="202" hits="8" branch="false"/>
						<line number="203" hits="8" branch="false"/>
						<line number="206" hits="12" branch="false"/>
					</lines>
				</class>
				<class name="com.imediava.asistentesm2.domain.Jugador" filename="com/imediava/asistentesm2/domain/Jugador.java" line-rate="0.41304347826086957" branch-rate="1.0" complexity="1.0">
					<methods>
						<method name="&lt;init&gt;" signature="(Ljava/lang/String;)V" line-rate="1.0" branch-rate="1.0">
							<lines>
								<line number="41" hits="624" branch="false"/>
								<line number="46" hits="624" branch="false"/>
								<line number="51" hits="624" branch="false"/>
								<line number="56" hits="624" branch="false"/>
								<line number="61" hits="624" branch="false"/>
								<line number="69" hits="624" branch="false"/>
								<line number="79" hits="624" branch="false"/>
								<line number="85" hits="624" branch="false"/>
								<line number="93" hits="624" branch="false"/>
								<line number="95" hits="624" branch="false"/>
								<line number="96" hits="624" branch="false"/>
								<line number="97" hits="624" branch="false"/>
							</lines>
						</method>
						<method name="equals" signature="(Ljava/lang/Object;Ljava/lang/Object;)Z" line-rate="0.0" branch-rate="1.0">
							<lines>
								<line number="283" hits="0" branch="false"/>
								<line number="284" hits="0" branch="false"/>
								<line number="285" hits="0" branch="false"/>
							</lines>
						</method>
						<method name="getEquipo" signature="()Ljava/lang/String;" line-rate="0.0" branch-rate="1.0">
							<lines>
								<line number="187" hits="0" branch="false"/>
							</lines>
						</method>
						<method name="getID" signature="()Ljava/lang/String;" line-rate="1.0" branch-rate="1.0">
							<lines>
							</lines>
						</method>
						<method name="getId" signature="()Ljava/lang/String;" line-rate="1.0" branch-rate="1.0">
							<lines>
								<line number="107" hits="12" branch="false"/>
							</lines>
						</method>
						<method name="getNombre" signature="()Ljava/lang/String;" line-rate="0.0" branch-rate="1.0">
							<lines>
								<line number="172" hits="0" branch="false"/>
							</lines>
						</method>
						<method name="getPaginaWebJugadorEnWebACB" signature="()Ljava/lang/String;" line-rate="1.0" branch-rate="1.0">
							<lines>
								<line number="127" hits="12" branch="false"/>
							</lines>
						</method>
						<method name="getPosicion" signature="()Lcom/imediava/asistentesm2/domain/Jugador$PosicionJugador;" line-rate="1.0" branch-rate="1.0">
							<lines>
								<line number="155" hits="335" branch="false"/>
							</lines>
						</method>
						<method name="getPrecio" signature="()Ljava/lang/Integer;" line-rate="0.0" branch-rate="1.0">
							<lines>
								<line number="262" hits="0" branch="false"/>
							</lines>
						</method>
						<method name="getStatusNacionalidad" signature="()Lcom/imediava/asistentesm2/domain/Jugador$Nacionalidad;" line-rate="0.0" branch-rate="1.0">
							<lines>
								<line number="136" hits="0" branch="false"/>
							</lines>
						</method>
						<method name="getValUltimoPartido" signature="()Ljava/lang/Double;" line-rate="0.0" branch-rate="1.0">
							<lines>
								<line number="202" hits="0" branch="false"/>
							</lines>
						</method>
						<method name="getValUltimosTresPartidos" signature="()Ljava/lang/Double;" line-rate="0.0" branch-rate="1.0">
							<lines>
								<line number="217" hits="0" branch="false"/>
							</lines>
						</method>
						<method name="getValoracionMedia" signature="()Ljava/lang/Double;" line-rate="0.0" branch-rate="1.0">
							<lines>
								<line number="232" hits="0" branch="false"/>
							</lines>
						</method>
						<method name="getVariacionPrecioEsperada" signature="()Ljava/lang/Integer;" line-rate="0.0" branch-rate="1.0">
							<lines>
								<line number="247" hits="0" branch="false"/>
							</lines>
						</method>
						<method name="setEquipo" signature="(Ljava/lang/String;)V" line-rate="0.0" branch-rate="1.0">
							<lines>
								<line number="195" hits="0" branch="false"/>
								<line number="196" hits="0" branch="false"/>
							</lines>
						</method>
						<method name="setID" signature="(Ljava/lang/String;)V" line-rate="1.0" branch-rate="1.0">
							<lines>
							</lines>
						</method>
						<method name="setId" signature="(Ljava/lang/String;)V" line-rate="0.0" branch-rate="1.0">
							<lines>
								<line number="117" hits="0" branch="false"/>
								<line number="118" hits="0" branch="false"/>
							</lines>
						</method>
						<method name="setNombre" signature="(Ljava/lang/String;)V" line-rate="1.0" branch-rate="1.0">
							<lines>
								<line number="180" hits="618" branch="false"/>
								<line number="181" hits="618" branch="false"/>
							</lines>
						</method>
						<method name="setPosicion" signature="(Lcom/imediava/asistentesm2/domain/Jugador$PosicionJugador;)V" line-rate="1.0" branch-rate="1.0">
							<lines>
								<line number="165" hits="618" branch="false"/>
								<line number="166" hits="618" branch="false"/>
							</lines>
						</method>
						<method name="setPrecio" signature="(Ljava/lang/Integer;)V" line-rate="0.0" branch-rate="1.0">
							<lines>
								<line number="270" hits="0" branch="false"/>
								<line number="271" hits="0" branch="false"/>
							</lines>
						</method>
						<method name="setStatusNacionalidad" signature="(Lcom/imediava/asistentesm2/domain/Jugador$Nacionalidad;)V" line-rate="0.0" branch-rate="1.0">
							<lines>
								<line number="146" hits="0" branch="false"/>
								<line number="147" hits="0" branch="false"/>
							</lines>
						</method>
						<method name="setValUltimoPartido" signature="(Ljava/lang/Double;)V" line-rate="0.0" branch-rate="1.0">
							<lines>
								<line number="210" hits="0" branch="false"/>
								<line number="211" hits="0" branch="false"/>
							</lines>
						</method>
						<method name="setValUltimosTresPartidos" signature="(Ljava/lang/Double;)V" line-rate="0.0" branch-rate="1.0">
							<lines>
								<line number="225" hits="0" branch="false"/>
								<line number="226" hits="0" branch="false"/>
							</lines>
						</method>
						<method name="setValoracionMedia" signature="(Ljava/lang/Double;)V" line-rate="0.0" branch-rate="1.0">
							<lines>
								<line number="240" hits="0" branch="false"/>
								<line number="241" hits="0" branch="false"/>
							</lines>
						</method>
						<method name="setVariacionPrecioEsperada" signature="(Ljava/lang/Integer;)V" line-rate="0.0" branch-rate="1.0">
							<lines>
								<line number="255" hits="0" branch="false"/>
								<line number="256" hits="0" branch="false"/>
							</lines>
						</method>
					</methods>
					<lines>
						<line number="41" hits="624" branch="false"/>
						<line number="46" hits="624" branch="false"/>
						<line number="51" hits="624" branch="false"/>
						<line number="56" hits="624" branch="false"/>
						<line number="61" hits="624" branch="false"/>
						<line number="69" hits="624" branch="false"/>
						<line number="79" hits="624" branch="false"/>
						<line number="85" hits="624" branch="false"/>
						<line number="93" hits="624" branch="false"/>
						<line number="95" hits="624" branch="false"/>
						<line number="96" hits="624" branch="false"/>
						<line number="97" hits="624" branch="false"/>
						<line number="107" hits="12" branch="false"/>
						<line number="117" hits="0" branch="false"/>
						<line number="118" hits="0" branch="false"/>
						<line number="127" hits="12" branch="false"/>
						<line number="136" hits="0" branch="false"/>
						<line number="146" hits="0" branch="false"/>
						<line number="147" hits="0" branch="false"/>
						<line number="155" hits="335" branch="false"/>
						<line number="165" hits="618" branch="false"/>
						<line number="166" hits="618" branch="false"/>
						<line number="172" hits="0" branch="false"/>
						<line number="180" hits="618" branch="false"/>
						<line number="181" hits="618" branch="false"/>
						<line number="187" hits="0" branch="false"/>
						<line number="195" hits="0" branch="false"/>
						<line number="196" hits="0" branch="false"/>
						<line number="202" hits="0" branch="false"/>
						<line number="210" hits="0" branch="false"/>
						<line number="211" hits="0" branch="false"/>
						<line number="217" hits="0" branch="false"/>
						<line number="225" hits="0" branch="false"/>
						<line number="226" hits="0" branch="false"/>
						<line number="232" hits="0" branch="false"/>
						<line number="240" hits="0" branch="false"/>
						<line number="241" hits="0" branch="false"/>
						<line number="247" hits="0" branch="false"/>
						<line number="255" hits="0" branch="false"/>
						<line number="256" hits="0" branch="false"/>
						<line number="262" hits="0" branch="false"/>
						<line number="270" hits="0" branch="false"/>
						<line number="271" hits="0" branch="false"/>
						<line number="283" hits="0" branch="false"/>
						<line number="284" hits="0" branch="false"/>
						<line number="285" hits="0" branch="false"/>
					</lines>
				</class>
				<class name="com.imediava.asistentesm2.domain.Jugador$Nacionalidad" filename="com/imediava/asistentesm2/domain/Jugador.java" line-rate="0.0" branch-rate="1.0" complexity="1.0">
					<methods>
						<method name="&lt;clinit&gt;" signature="()V" line-rate="0.0" branch-rate="1.0">
							<lines>
								<line number="35" hits="0" branch="false"/>
							</lines>
						</method>
						<method name="&lt;init&gt;" signature="(Ljava/lang/String;I)V" line-rate="0.0" branch-rate="1.0">
							<lines>
								<line number="34" hits="0" branch="false"/>
							</lines>
						</method>
						<method name="valueOf" signature="(Ljava/lang/String;)Lcom/imediava/asistentesm2/domain/Jugador$Nacionalidad;" line-rate="0.0" branch-rate="1.0">
							<lines>
								<line number="1" hits="0" branch="false"/>
							</lines>
						</method>
						<method name="values" signature="()[Lcom/imediava/asistentesm2/domain/Jugador$Nacionalidad;" line-rate="1.0" branch-rate="1.0">
							<lines>
							</lines>
						</method>
					</methods>
					<lines>
						<line number="1" hits="0" branch="false"/>
						<line number="34" hits="0" branch="false"/>
						<line number="35" hits="0" branch="false"/>
					</lines>
				</class>
				<class name="com.imediava.asistentesm2.domain.Jugador$PosicionJugador" filename="com/imediava/asistentesm2/domain/Jugador.java" line-rate="0.6666666666666666" branch-rate="1.0" complexity="1.0">
					<methods>
						<method name="&lt;clinit&gt;" signature="()V" line-rate="1.0" branch-rate="1.0">
							<lines>
								<line number="25" hits="6" branch="false"/>
							</lines>
						</method>
						<method name="&lt;init&gt;" signature="(Ljava/lang/String;I)V" line-rate="1.0" branch-rate="1.0">
							<lines>
								<line number="24" hits="24" branch="false"/>
							</lines>
						</method>
						<method name="valueOf" signature="(Ljava/lang/String;)Lcom/imediava/asistentesm2/domain/Jugador$PosicionJugador;" line-rate="0.0" branch-rate="1.0">
							<lines>
								<line number="1" hits="0" branch="false"/>
							</lines>
						</method>
						<method name="values" signature="()[Lcom/imediava/asistentesm2/domain/Jugador$PosicionJugador;" line-rate="1.0" branch-rate="1.0">
							<lines>
							</lines>
						</method>
					</methods>
					<lines>
						<line number="1" hits="0" branch="false"/>
						<line number="24" hits="24" branch="false"/>
						<line number="25" hits="6" branch="false"/>
					</lines>
				</class>
			</classes>
		</package>
		<package name="com.imediava.asistentesm2.domain.rules" line-rate="0.95" branch-rate="1.0" complexity="1.0">
			<classes>
				<class name="com.imediava.asistentesm2.domain.rules.ExcedeLimiteJugadores" filename="com/imediava/asistentesm2/domain/rules/ExcedeLimiteJugadores.java" line-rate="0.9166666666666666" branch-rate="1.0" complexity="0.0">
					<methods>
						<method name="&lt;clinit&gt;" signature="()V" line-rate="1.0" branch-rate="1.0">
							<lines>
								<line number="9" hits="3" branch="false"/>
								<line number="15" hits="3" branch="false"/>
								<line number="16" hits="6" branch="false"/>
								<line number="17" hits="3" branch="false"/>
								<line number="18" hits="3" branch="false"/>
							</lines>
						</method>
						<method name="&lt;init&gt;" signature="(Lcom/imediava/asistentesm2/domain/EquipoSuperManager;)V" line-rate="1.0" branch-rate="1.0">
							<lines>
								<line number="22" hits="40" branch="false"/>
								<line number="23" hits="40" branch="false"/>
								<line number="24" hits="40" branch="false"/>
							</lines>
						</method>
						<method name="apply" signature="(Lcom/imediava/asistentesm2/domain/Jugador;)Z" line-rate="1.0" branch-rate="1.0">
							<lines>
								<line number="35" hits="80" branch="false"/>
								<line number="36" hits="40" branch="false"/>
								<line number="37" hits="40" branch="true" condition-coverage="100% (2/2)">
									<conditions>
										<condition number="0" type="jump" coverage="100%"/>
									</conditions>
								</line>
							</lines>
						</method>
						<method name="apply" signature="(Ljava/lang/Object;)Z" line-rate="0.0" branch-rate="1.0">
							<lines>
								<line number="1" hits="0" branch="false"/>
							</lines>
						</method>
					</methods>
					<lines>
						<line number="1" hits="0" branch="false"/>
						<line number="9" hits="3" branch="false"/>
						<line number="15" hits="3" branch="false"/>
						<line number="16" hits="6" branch="false"/>
						<line number="17" hits="3" branch="false"/>
						<line number="18" hits="3" branch="false"/>
						<line number="22" hits="40" branch="false"/>
						<line number="23" hits="40" branch="false"/>
						<line number="24" hits="40" branch="false"/>
						<line number="35" hits="80" branch="false"/>
						<line number="36" hits="40" branch="false"/>
						<line number="37" hits="40" branch="true" condition-coverage="100% (2/2)">
							<conditions>
								<condition number="0" type="jump" coverage="100%"/>
							</conditions>
						</line>
					</lines>
				</class>
				<class name="com.imediava.asistentesm2.domain.rules.PredicadoPosicionJugador" filename="com/imediava/asistentesm2/domain/rules/PredicadoPosicionJugador.java" line-rate="1.0" branch-rate="1.0" complexity="1.0">
					<methods>
						<method name="&lt;init&gt;" signature="(Lcom/imediava/asistentesm2/domain/Jugador$PosicionJugador;)V" line-rate="1.0" branch-rate="1.0">
							<lines>
								<line number="11" hits="40" branch="false"/>
								<line number="12" hits="40" branch="false"/>
								<line number="13" hits="40" branch="false"/>
								<line number="14" hits="44" branch="false"/>
								<line number="15" hits="44" branch="false"/>
								<line number="16" hits="104" branch="false"/>
							</lines>
						</method>
						<method name="apply" signature="(Lcom/imediava/asistentesm2/domain/Jugador;)Z" line-rate="1.0" branch-rate="1.0">
							<lines>
								<line number="19" hits="76" branch="false"/>
							</lines>
						</method>
						<method name="apply" signature="(Ljava/lang/Object;)Z" line-rate="1.0" branch-rate="1.0">
							<lines>
								<line number="1" hits="136" branch="false"/>
							</lines>
						</method>
					</methods>
					<lines>
						<line number="1" hits="136" branch="false"/>
						<line number="11" hits="40" branch="false"/>
						<line number="12" hits="40" branch="false"/>
						<line number="13" hits="40" branch="false"/>
						<line number="14" hits="44" branch="false"/>
						<line number="15" hits="44" branch="false"/>
						<line number="16" hits="104" branch="false"/>
						<line number="19" hits="76" branch="false"/>
					</lines>
				</class>
			</classes>
		</package>
	</packages>
</coverage>
